[0.000000] (-) TimerEvent: {}
[0.000208] (torch_control) JobQueued: {'identifier': 'torch_control', 'dependencies': OrderedDict()}
[0.000253] (torch_control) JobStarted: {'identifier': 'torch_control'}
[0.099512] (-) TimerEvent: {}
[0.199791] (-) TimerEvent: {}
[0.300073] (-) TimerEvent: {}
[0.351648] (torch_control) Command: {'cmd': ['/usr/bin/python3', '-W', 'ignore:setup.py install is deprecated', '-W', 'ignore:easy_install command is deprecated', 'setup.py', 'develop', '--editable', '--build-directory', '/home/pjh/Teamgrit2026/Mutron/build/torch_control/build', '--no-deps', 'symlink_data'], 'cwd': '/home/pjh/Teamgrit2026/Mutron/build/torch_control', 'env': {'CONDA_PROMPT_MODIFIER': '(base)', 'USER': 'pjh', 'XDG_SESSION_TYPE': 'x11', 'STM32CubeMX_PATH': '/home/pjh/STM32CubeMX', 'SHLVL': '1', 'LD_LIBRARY_PATH': '/usr/lib/x86_64-linux-gnu/gazebo-11/plugins:/opt/ros/humble/opt/rviz_ogre_vendor/lib:/opt/ros/humble/lib/x86_64-linux-gnu:/opt/ros/humble/lib', 'HOME': '/home/pjh', 'CONDA_SHLVL': '1', 'OLDPWD': '/home/pjh/Teamgrit2026/Mutron/src', 'DESKTOP_SESSION': 'ubuntu-xorg', 'ROS_PYTHON_VERSION': '3', 'GNOME_SHELL_SESSION_MODE': 'ubuntu', 'GTK_MODULES': 'gail:atk-bridge', 'SYSTEMD_EXEC_PID': '1257', 'DBUS_SESSION_BUS_ADDRESS': 'unix:path=/run/user/1000/bus', 'COLORTERM': 'truecolor', '_CE_M': '', '_CONDA_ROOT': '/home/pjh/miniconda3', 'ROS_DISTRO': 'humble', 'GTK_IM_MODULE': 'ibus', 'LOGNAME': 'pjh', '_': '/usr/bin/colcon', 'ROS_VERSION': '2', 'XDG_SESSION_CLASS': 'user', 'USERNAME': 'pjh', 'TERM': 'xterm-256color', 'GNOME_DESKTOP_SESSION_ID': 'this-is-deprecated', '_CE_CONDA': '', 'ROS_LOCALHOST_ONLY': '0', 'WINDOWPATH': '2', 'PATH': '/home/pjh/miniconda3/bin:/home/pjh/miniconda3/condabin:/opt/ros/humble/bin:/usr/local/sbin:/usr/local/bin:/usr/sbin:/usr/bin:/sbin:/bin:/usr/games:/usr/local/games:/snap/bin:/snap/bin', 'SESSION_MANAGER': 'local/pjh-com:@/tmp/.ICE-unix/1219,unix/pjh-com:/tmp/.ICE-unix/1219', 'XDG_MENU_PREFIX': 'gnome-', 'GNOME_TERMINAL_SCREEN': '/org/gnome/Terminal/screen/b7ea1f69_4708_452e_9397_6ccb0d7f1f76', 'XDG_RUNTIME_DIR': '/run/user/1000', 'DISPLAY': ':0', 'LANG': 'en_US.UTF-8', 'XDG_CURRENT_DESKTOP': 'ubuntu:GNOME', 'XMODIFIERS': '@im=ibus', 'XDG_SESSION_DESKTOP': 'ubuntu-xorg', 'XAUTHORITY': '/run/user/1000/gdm/Xauthority', 'GNOME_TERMINAL_SERVICE': ':1.92', 'SSH_AGENT_LAUNCHER': 'gnome-keyring', 'SSH_AUTH_SOCK': '/run/user/1000/keyring/ssh', 'AMENT_PREFIX_PATH': '/opt/ros/humble', 'CONDA_PYTHON_EXE': '/home/pjh/miniconda3/bin/python', 'SHELL': '/bin/bash', 'QT_ACCESSIBILITY': '1', 'GDMSESSION': 'ubuntu-xorg', 'CONDA_DEFAULT_ENV': 'base', 'GPG_AGENT_INFO': '/run/user/1000/gnupg/S.gpg-agent:0:1', '_CONDA_EXE': '/home/pjh/miniconda3/bin/conda', 'QT_IM_MODULE': 'ibus', 'PWD': '/home/pjh/Teamgrit2026/Mutron/build/torch_control', 'TURTLEBOT3_MODEL': 'burger', 'LC_ALL': 'en_US.UTF-8', 'XDG_CONFIG_DIRS': '/etc/xdg/xdg-ubuntu-xorg:/etc/xdg', 'CONDA_EXE': '/home/pjh/miniconda3/bin/conda', 'XDG_DATA_DIRS': '/usr/share/ubuntu-xorg:/usr/share/gnome:/usr/local/share/:/usr/share/:/var/lib/snapd/desktop', 'PYTHONPATH': '/home/pjh/Teamgrit2026/Mutron/build/torch_control/prefix_override:/usr/lib/python3/dist-packages/colcon_core/task/python/colcon_distutils_commands:/home/pjh/Teamgrit2026/Mutron/install/torch_control/lib/python3.10/site-packages:/opt/ros/humble/lib/python3.10/site-packages:/opt/ros/humble/local/lib/python3.10/dist-packages', 'CONDA_PREFIX': '/home/pjh/miniconda3', 'COLCON': '1', 'VTE_VERSION': '6800'}, 'shell': False}
[0.400185] (-) TimerEvent: {}
[0.473709] (torch_control) StdoutLine: {'line': b'running develop\n'}
[0.500259] (-) TimerEvent: {}
[0.535355] (torch_control) StdoutLine: {'line': b'running egg_info\n'}
[0.535589] (torch_control) StdoutLine: {'line': b'creating torch_control.egg-info\n'}
[0.535753] (torch_control) StdoutLine: {'line': b'writing torch_control.egg-info/PKG-INFO\n'}
[0.535828] (torch_control) StdoutLine: {'line': b'writing dependency_links to torch_control.egg-info/dependency_links.txt\n'}
[0.535894] (torch_control) StdoutLine: {'line': b'writing entry points to torch_control.egg-info/entry_points.txt\n'}
[0.535975] (torch_control) StdoutLine: {'line': b'writing requirements to torch_control.egg-info/requires.txt\n'}
[0.536034] (torch_control) StdoutLine: {'line': b'writing top-level names to torch_control.egg-info/top_level.txt\n'}
[0.536092] (torch_control) StdoutLine: {'line': b"writing manifest file 'torch_control.egg-info/SOURCES.txt'\n"}
[0.536663] (torch_control) StdoutLine: {'line': b"reading manifest file 'torch_control.egg-info/SOURCES.txt'\n"}
[0.536965] (torch_control) StdoutLine: {'line': b"writing manifest file 'torch_control.egg-info/SOURCES.txt'\n"}
[0.537737] (torch_control) StdoutLine: {'line': b'running build_ext\n'}
[0.537907] (torch_control) StdoutLine: {'line': b'Creating /home/pjh/Teamgrit2026/Mutron/install/torch_control/lib/python3.10/site-packages/torch-control.egg-link (link to .)\n'}
[0.538185] (torch_control) StdoutLine: {'line': b'\n'}
[0.538230] (torch_control) StdoutLine: {'line': b'Installed /home/pjh/Teamgrit2026/Mutron/build/torch_control\n'}
[0.538256] (torch_control) StdoutLine: {'line': b'running symlink_data\n'}
[0.538294] (torch_control) StdoutLine: {'line': b'creating /home/pjh/Teamgrit2026/Mutron/install/torch_control/share/ament_index\n'}
[0.538358] (torch_control) StdoutLine: {'line': b'creating /home/pjh/Teamgrit2026/Mutron/install/torch_control/share/ament_index/resource_index\n'}
[0.538384] (torch_control) StdoutLine: {'line': b'creating /home/pjh/Teamgrit2026/Mutron/install/torch_control/share/ament_index/resource_index/packages\n'}
[0.538404] (torch_control) StdoutLine: {'line': b'symbolically linking /home/pjh/Teamgrit2026/Mutron/build/torch_control/resource/torch_control -> /home/pjh/Teamgrit2026/Mutron/install/torch_control/share/ament_index/resource_index/packages\n'}
[0.538425] (torch_control) StdoutLine: {'line': b'symbolically linking /home/pjh/Teamgrit2026/Mutron/build/torch_control/package.xml -> /home/pjh/Teamgrit2026/Mutron/install/torch_control/share/torch_control\n'}
[0.555802] (torch_control) CommandEnded: {'returncode': 0}
[0.566688] (torch_control) JobEnded: {'identifier': 'torch_control', 'rc': 0}
[0.567179] (-) EventReactorShutdown: {}
