[0.081s] DEBUG:colcon:Command line arguments: ['/usr/bin/colcon', 'build', '--symlink-install']
[0.081s] DEBUG:colcon:Parsed command line arguments: Namespace(log_base=None, log_level=None, verb_name='build', build_base='build', install_base='install', merge_install=False, symlink_install=True, test_result_base=None, continue_on_error=False, executor='parallel', parallel_workers=16, event_handlers=None, ignore_user_meta=False, metas=['./colcon.meta'], base_paths=['.'], packages_ignore=None, packages_ignore_regex=None, paths=None, packages_up_to=None, packages_up_to_regex=None, packages_above=None, packages_above_and_dependencies=None, packages_above_depth=None, packages_select_by_dep=None, packages_skip_by_dep=None, packages_skip_up_to=None, packages_select_build_failed=False, packages_skip_build_finished=False, packages_select_test_failures=False, packages_skip_test_passed=False, packages_select=None, packages_skip=None, packages_select_regex=None, packages_skip_regex=None, packages_start=None, packages_end=None, allow_overriding=[], cmake_args=None, cmake_target=None, cmake_target_skip_unavailable=False, cmake_clean_cache=False, cmake_clean_first=False, cmake_force_configure=False, ament_cmake_args=None, catkin_cmake_args=None, catkin_skip_building_tests=False, mixin_files=None, mixin=None, verb_parser=<colcon_mixin.mixin.mixin_argument.MixinArgumentDecorator object at 0x78bb0a5521a0>, verb_extension=<colcon_core.verb.build.BuildVerb object at 0x78bb0a6cb7f0>, main=<bound method BuildVerb.main of <colcon_core.verb.build.BuildVerb object at 0x78bb0a6cb7f0>>, mixin_verb=('build',))
[0.164s] Level 1:colcon.colcon_core.package_discovery:discover_packages(colcon_meta) check parameters
[0.164s] Level 1:colcon.colcon_core.package_discovery:discover_packages(recursive) check parameters
[0.164s] Level 1:colcon.colcon_core.package_discovery:discover_packages(ignore) check parameters
[0.164s] Level 1:colcon.colcon_core.package_discovery:discover_packages(path) check parameters
[0.164s] Level 1:colcon.colcon_core.package_discovery:discover_packages(colcon_meta) discover
[0.164s] Level 1:colcon.colcon_core.package_discovery:discover_packages(recursive) discover
[0.164s] INFO:colcon.colcon_core.package_discovery:Crawling recursively for packages in '/home/pjh/Teamgrit2026/Mutron'
[0.164s] Level 1:colcon.colcon_core.package_identification:_identify(.) by extensions ['ignore', 'ignore_ament_install']
[0.164s] Level 1:colcon.colcon_core.package_identification:_identify(.) by extension 'ignore'
[0.164s] Level 1:colcon.colcon_core.package_identification:_identify(.) by extension 'ignore_ament_install'
[0.164s] Level 1:colcon.colcon_core.package_identification:_identify(.) by extensions ['colcon_pkg']
[0.164s] Level 1:colcon.colcon_core.package_identification:_identify(.) by extension 'colcon_pkg'
[0.164s] Level 1:colcon.colcon_core.package_identification:_identify(.) by extensions ['colcon_meta']
[0.164s] Level 1:colcon.colcon_core.package_identification:_identify(.) by extension 'colcon_meta'
[0.164s] Level 1:colcon.colcon_core.package_identification:_identify(.) by extensions ['ros']
[0.164s] Level 1:colcon.colcon_core.package_identification:_identify(.) by extension 'ros'
[0.169s] Level 1:colcon.colcon_core.package_identification:_identify(.) by extensions ['cmake', 'python']
[0.170s] Level 1:colcon.colcon_core.package_identification:_identify(.) by extension 'cmake'
[0.170s] Level 1:colcon.colcon_core.package_identification:_identify(.) by extension 'python'
[0.170s] Level 1:colcon.colcon_core.package_identification:_identify(.) by extensions ['python_setup_py']
[0.170s] Level 1:colcon.colcon_core.package_identification:_identify(.) by extension 'python_setup_py'
[0.170s] Level 1:colcon.colcon_core.package_identification:_identify(build) by extensions ['ignore', 'ignore_ament_install']
[0.170s] Level 1:colcon.colcon_core.package_identification:_identify(build) by extension 'ignore'
[0.170s] Level 1:colcon.colcon_core.package_identification:_identify(build) ignored
[0.170s] Level 1:colcon.colcon_core.package_identification:_identify(install) by extensions ['ignore', 'ignore_ament_install']
[0.170s] Level 1:colcon.colcon_core.package_identification:_identify(install) by extension 'ignore'
[0.170s] Level 1:colcon.colcon_core.package_identification:_identify(install) ignored
[0.170s] Level 1:colcon.colcon_core.package_identification:_identify(log) by extensions ['ignore', 'ignore_ament_install']
[0.170s] Level 1:colcon.colcon_core.package_identification:_identify(log) by extension 'ignore'
[0.170s] Level 1:colcon.colcon_core.package_identification:_identify(log) ignored
[0.170s] Level 1:colcon.colcon_core.package_identification:_identify(src) by extensions ['ignore', 'ignore_ament_install']
[0.170s] Level 1:colcon.colcon_core.package_identification:_identify(src) by extension 'ignore'
[0.170s] Level 1:colcon.colcon_core.package_identification:_identify(src) by extension 'ignore_ament_install'
[0.170s] Level 1:colcon.colcon_core.package_identification:_identify(src) by extensions ['colcon_pkg']
[0.170s] Level 1:colcon.colcon_core.package_identification:_identify(src) by extension 'colcon_pkg'
[0.170s] Level 1:colcon.colcon_core.package_identification:_identify(src) by extensions ['colcon_meta']
[0.170s] Level 1:colcon.colcon_core.package_identification:_identify(src) by extension 'colcon_meta'
[0.170s] Level 1:colcon.colcon_core.package_identification:_identify(src) by extensions ['ros']
[0.170s] Level 1:colcon.colcon_core.package_identification:_identify(src) by extension 'ros'
[0.170s] Level 1:colcon.colcon_core.package_identification:_identify(src) by extensions ['cmake', 'python']
[0.170s] Level 1:colcon.colcon_core.package_identification:_identify(src) by extension 'cmake'
[0.170s] Level 1:colcon.colcon_core.package_identification:_identify(src) by extension 'python'
[0.170s] Level 1:colcon.colcon_core.package_identification:_identify(src) by extensions ['python_setup_py']
[0.170s] Level 1:colcon.colcon_core.package_identification:_identify(src) by extension 'python_setup_py'
[0.170s] Level 1:colcon.colcon_core.package_identification:_identify(src/torch_control) by extensions ['ignore', 'ignore_ament_install']
[0.170s] Level 1:colcon.colcon_core.package_identification:_identify(src/torch_control) by extension 'ignore'
[0.170s] Level 1:colcon.colcon_core.package_identification:_identify(src/torch_control) by extension 'ignore_ament_install'
[0.170s] Level 1:colcon.colcon_core.package_identification:_identify(src/torch_control) by extensions ['colcon_pkg']
[0.170s] Level 1:colcon.colcon_core.package_identification:_identify(src/torch_control) by extension 'colcon_pkg'
[0.170s] Level 1:colcon.colcon_core.package_identification:_identify(src/torch_control) by extensions ['colcon_meta']
[0.170s] Level 1:colcon.colcon_core.package_identification:_identify(src/torch_control) by extension 'colcon_meta'
[0.170s] Level 1:colcon.colcon_core.package_identification:_identify(src/torch_control) by extensions ['ros']
[0.170s] Level 1:colcon.colcon_core.package_identification:_identify(src/torch_control) by extension 'ros'
[0.172s] DEBUG:colcon.colcon_core.package_identification:Package 'src/torch_control' with type 'ros.ament_python' and name 'torch_control'
[0.172s] Level 1:colcon.colcon_core.package_discovery:discover_packages(recursive) using defaults
[0.172s] Level 1:colcon.colcon_core.package_discovery:discover_packages(ignore) discover
[0.172s] Level 1:colcon.colcon_core.package_discovery:discover_packages(ignore) using defaults
[0.172s] Level 1:colcon.colcon_core.package_discovery:discover_packages(path) discover
[0.172s] Level 1:colcon.colcon_core.package_discovery:discover_packages(path) using defaults
[0.194s] Level 1:colcon.colcon_core.package_discovery:discover_packages(prefix_path) check parameters
[0.194s] Level 1:colcon.colcon_core.package_discovery:discover_packages(prefix_path) discover
[0.196s] DEBUG:colcon.colcon_installed_package_information.package_discovery:Found 366 installed packages in /opt/ros/humble
[0.197s] Level 1:colcon.colcon_core.package_discovery:discover_packages(prefix_path) using defaults
[0.217s] Level 5:colcon.colcon_core.verb:set package 'torch_control' build argument 'cmake_args' from command line to 'None'
[0.217s] Level 5:colcon.colcon_core.verb:set package 'torch_control' build argument 'cmake_target' from command line to 'None'
[0.217s] Level 5:colcon.colcon_core.verb:set package 'torch_control' build argument 'cmake_target_skip_unavailable' from command line to 'False'
[0.217s] Level 5:colcon.colcon_core.verb:set package 'torch_control' build argument 'cmake_clean_cache' from command line to 'False'
[0.217s] Level 5:colcon.colcon_core.verb:set package 'torch_control' build argument 'cmake_clean_first' from command line to 'False'
[0.217s] Level 5:colcon.colcon_core.verb:set package 'torch_control' build argument 'cmake_force_configure' from command line to 'False'
[0.217s] Level 5:colcon.colcon_core.verb:set package 'torch_control' build argument 'ament_cmake_args' from command line to 'None'
[0.217s] Level 5:colcon.colcon_core.verb:set package 'torch_control' build argument 'catkin_cmake_args' from command line to 'None'
[0.217s] Level 5:colcon.colcon_core.verb:set package 'torch_control' build argument 'catkin_skip_building_tests' from command line to 'False'
[0.217s] DEBUG:colcon.colcon_core.verb:Building package 'torch_control' with the following arguments: {'ament_cmake_args': None, 'build_base': '/home/pjh/Teamgrit2026/Mutron/build/torch_control', 'catkin_cmake_args': None, 'catkin_skip_building_tests': False, 'cmake_args': None, 'cmake_clean_cache': False, 'cmake_clean_first': False, 'cmake_force_configure': False, 'cmake_target': None, 'cmake_target_skip_unavailable': False, 'install_base': '/home/pjh/Teamgrit2026/Mutron/install/torch_control', 'merge_install': False, 'path': '/home/pjh/Teamgrit2026/Mutron/src/torch_control', 'symlink_install': True, 'test_result_base': None}
[0.217s] INFO:colcon.colcon_core.executor:Executing jobs using 'parallel' executor
[0.218s] DEBUG:colcon.colcon_parallel_executor.executor.parallel:run_until_complete
[0.218s] INFO:colcon.colcon_ros.task.ament_python.build:Building ROS package in '/home/pjh/Teamgrit2026/Mutron/src/torch_control' with build type 'ament_python'
[0.218s] Level 1:colcon.colcon_core.shell:create_environment_hook('torch_control', 'ament_prefix_path')
[0.221s] INFO:colcon.colcon_core.plugin_system:Skipping extension 'colcon_core.shell.bat': Not used on non-Windows systems
[0.221s] INFO:colcon.colcon_core.shell:Creating environment hook '/home/pjh/Teamgrit2026/Mutron/install/torch_control/share/torch_control/hook/ament_prefix_path.ps1'
[0.222s] INFO:colcon.colcon_core.shell:Creating environment descriptor '/home/pjh/Teamgrit2026/Mutron/install/torch_control/share/torch_control/hook/ament_prefix_path.dsv'
[0.222s] INFO:colcon.colcon_core.shell:Creating environment hook '/home/pjh/Teamgrit2026/Mutron/install/torch_control/share/torch_control/hook/ament_prefix_path.sh'
[0.222s] INFO:colcon.colcon_core.shell:Skip shell extension 'powershell' for command environment: Not usable outside of PowerShell
[0.222s] DEBUG:colcon.colcon_core.shell:Skip shell extension 'dsv' for command environment
[0.345s] INFO:colcon.colcon_core.task.python.build:Building Python package in '/home/pjh/Teamgrit2026/Mutron/src/torch_control'
[0.345s] INFO:colcon.colcon_core.shell:Skip shell extension 'powershell' for command environment: Not usable outside of PowerShell
[0.345s] DEBUG:colcon.colcon_core.shell:Skip shell extension 'dsv' for command environment
[0.571s] DEBUG:colcon.colcon_core.event_handler.log_command:Invoking command in '/home/pjh/Teamgrit2026/Mutron/build/torch_control': CONDA_PROMPT_MODIFIER=(base) PYTHONPATH=/home/pjh/Teamgrit2026/Mutron/build/torch_control/prefix_override:/usr/lib/python3/dist-packages/colcon_core/task/python/colcon_distutils_commands:/home/pjh/Teamgrit2026/Mutron/install/torch_control/lib/python3.10/site-packages:${PYTHONPATH} /usr/bin/python3 -W ignore:setup.py install is deprecated -W ignore:easy_install command is deprecated setup.py develop --editable --build-directory /home/pjh/Teamgrit2026/Mutron/build/torch_control/build --no-deps symlink_data
[0.774s] Level 1:colcon.colcon_core.shell:create_environment_hook('torch_control', 'pythonpath_develop')
[0.775s] DEBUG:colcon.colcon_core.event_handler.log_command:Invoked command in '/home/pjh/Teamgrit2026/Mutron/build/torch_control' returned '0': CONDA_PROMPT_MODIFIER=(base) PYTHONPATH=/home/pjh/Teamgrit2026/Mutron/build/torch_control/prefix_override:/usr/lib/python3/dist-packages/colcon_core/task/python/colcon_distutils_commands:/home/pjh/Teamgrit2026/Mutron/install/torch_control/lib/python3.10/site-packages:${PYTHONPATH} /usr/bin/python3 -W ignore:setup.py install is deprecated -W ignore:easy_install command is deprecated setup.py develop --editable --build-directory /home/pjh/Teamgrit2026/Mutron/build/torch_control/build --no-deps symlink_data
[0.775s] INFO:colcon.colcon_core.shell:Creating environment hook '/home/pjh/Teamgrit2026/Mutron/build/torch_control/share/torch_control/hook/pythonpath_develop.ps1'
[0.776s] INFO:colcon.colcon_core.shell:Creating environment descriptor '/home/pjh/Teamgrit2026/Mutron/build/torch_control/share/torch_control/hook/pythonpath_develop.dsv'
[0.776s] INFO:colcon.colcon_core.shell:Creating environment hook '/home/pjh/Teamgrit2026/Mutron/build/torch_control/share/torch_control/hook/pythonpath_develop.sh'
[0.779s] Level 1:colcon.colcon_core.environment:checking '/home/pjh/Teamgrit2026/Mutron/install/torch_control' for CMake module files
[0.779s] Level 1:colcon.colcon_core.environment:checking '/home/pjh/Teamgrit2026/Mutron/install/torch_control' for CMake config files
[0.780s] Level 1:colcon.colcon_core.environment:checking '/home/pjh/Teamgrit2026/Mutron/install/torch_control/lib'
[0.780s] Level 1:colcon.colcon_core.environment:checking '/home/pjh/Teamgrit2026/Mutron/install/torch_control/bin'
[0.780s] Level 1:colcon.colcon_core.environment:checking '/home/pjh/Teamgrit2026/Mutron/install/torch_control/lib/pkgconfig/torch_control.pc'
[0.780s] Level 1:colcon.colcon_core.environment:checking '/home/pjh/Teamgrit2026/Mutron/install/torch_control/lib/python3.10/site-packages'
[0.780s] Level 1:colcon.colcon_core.shell:create_environment_hook('torch_control', 'pythonpath')
[0.780s] INFO:colcon.colcon_core.shell:Creating environment hook '/home/pjh/Teamgrit2026/Mutron/install/torch_control/share/torch_control/hook/pythonpath.ps1'
[0.780s] INFO:colcon.colcon_core.shell:Creating environment descriptor '/home/pjh/Teamgrit2026/Mutron/install/torch_control/share/torch_control/hook/pythonpath.dsv'
[0.781s] INFO:colcon.colcon_core.shell:Creating environment hook '/home/pjh/Teamgrit2026/Mutron/install/torch_control/share/torch_control/hook/pythonpath.sh'
[0.781s] Level 1:colcon.colcon_core.environment:checking '/home/pjh/Teamgrit2026/Mutron/install/torch_control/bin'
[0.781s] Level 1:colcon.colcon_core.environment:create_environment_scripts_only(torch_control)
[0.782s] INFO:colcon.colcon_core.shell:Creating package script '/home/pjh/Teamgrit2026/Mutron/install/torch_control/share/torch_control/package.ps1'
[0.782s] INFO:colcon.colcon_core.shell:Creating package descriptor '/home/pjh/Teamgrit2026/Mutron/install/torch_control/share/torch_control/package.dsv'
[0.783s] INFO:colcon.colcon_core.shell:Creating package script '/home/pjh/Teamgrit2026/Mutron/install/torch_control/share/torch_control/package.sh'
[0.783s] INFO:colcon.colcon_core.shell:Creating package script '/home/pjh/Teamgrit2026/Mutron/install/torch_control/share/torch_control/package.bash'
[0.784s] INFO:colcon.colcon_core.shell:Creating package script '/home/pjh/Teamgrit2026/Mutron/install/torch_control/share/torch_control/package.zsh'
[0.785s] Level 1:colcon.colcon_core.environment:create_file_with_runtime_dependencies(/home/pjh/Teamgrit2026/Mutron/install/torch_control/share/colcon-core/packages/torch_control)
[0.785s] DEBUG:colcon.colcon_parallel_executor.executor.parallel:closing loop
[0.785s] DEBUG:colcon.colcon_parallel_executor.executor.parallel:loop closed
[0.785s] DEBUG:colcon.colcon_parallel_executor.executor.parallel:run_until_complete finished with '0'
[0.785s] DEBUG:colcon.colcon_core.event_reactor:joining thread
[0.788s] INFO:colcon.colcon_core.plugin_system:Skipping extension 'colcon_notification.desktop_notification.terminal_notifier': Not used on non-Darwin systems
[0.789s] INFO:colcon.colcon_core.plugin_system:Skipping extension 'colcon_notification.desktop_notification.win32': Not used on non-Windows systems
[0.789s] INFO:colcon.colcon_notification.desktop_notification:Sending desktop notification using 'notify2'
[0.801s] DEBUG:colcon.colcon_core.event_reactor:joined thread
[0.802s] INFO:colcon.colcon_core.shell:Creating prefix script '/home/pjh/Teamgrit2026/Mutron/install/local_setup.ps1'
[0.802s] INFO:colcon.colcon_core.shell:Creating prefix util module '/home/pjh/Teamgrit2026/Mutron/install/_local_setup_util_ps1.py'
[0.803s] INFO:colcon.colcon_core.shell:Creating prefix chain script '/home/pjh/Teamgrit2026/Mutron/install/setup.ps1'
[0.804s] INFO:colcon.colcon_core.shell:Creating prefix script '/home/pjh/Teamgrit2026/Mutron/install/local_setup.sh'
[0.804s] INFO:colcon.colcon_core.shell:Creating prefix util module '/home/pjh/Teamgrit2026/Mutron/install/_local_setup_util_sh.py'
[0.805s] INFO:colcon.colcon_core.shell:Creating prefix chain script '/home/pjh/Teamgrit2026/Mutron/install/setup.sh'
[0.805s] INFO:colcon.colcon_core.shell:Creating prefix script '/home/pjh/Teamgrit2026/Mutron/install/local_setup.bash'
[0.806s] INFO:colcon.colcon_core.shell:Creating prefix chain script '/home/pjh/Teamgrit2026/Mutron/install/setup.bash'
[0.806s] INFO:colcon.colcon_core.shell:Creating prefix script '/home/pjh/Teamgrit2026/Mutron/install/local_setup.zsh'
[0.807s] INFO:colcon.colcon_core.shell:Creating prefix chain script '/home/pjh/Teamgrit2026/Mutron/install/setup.zsh'
