running develop
Removing /home/pjh/Teamgrit2026/Mutron/install/torch_control/lib/python3.10/site-packages/torch-control.egg-link (link to .)
running egg_info
writing ../../build/torch_control/torch_control.egg-info/PKG-INFO
writing dependency_links to ../../build/torch_control/torch_control.egg-info/dependency_links.txt
writing entry points to ../../build/torch_control/torch_control.egg-info/entry_points.txt
writing requirements to ../../build/torch_control/torch_control.egg-info/requires.txt
writing top-level names to ../../build/torch_control/torch_control.egg-info/top_level.txt
reading manifest file '../../build/torch_control/torch_control.egg-info/SOURCES.txt'
writing manifest file '../../build/torch_control/torch_control.egg-info/SOURCES.txt'
running build
running build_py
creating /home/pjh/Teamgrit2026/Mutron/build/torch_control/build
creating /home/pjh/Teamgrit2026/Mutron/build/torch_control/build/lib
creating /home/pjh/Teamgrit2026/Mutron/build/torch_control/build/lib/torch_control
copying torch_control/torch_node.py -> /home/pjh/Teamgrit2026/Mutron/build/torch_control/build/lib/torch_control
copying torch_control/__init__.py -> /home/pjh/Teamgrit2026/Mutron/build/torch_control/build/lib/torch_control
running install
running install_lib
creating /home/pjh/Teamgrit2026/Mutron/install/torch_control/lib/python3.10/site-packages/torch_control
copying /home/pjh/Teamgrit2026/Mutron/build/torch_control/build/lib/torch_control/torch_node.py -> /home/pjh/Teamgrit2026/Mutron/install/torch_control/lib/python3.10/site-packages/torch_control
copying /home/pjh/Teamgrit2026/Mutron/build/torch_control/build/lib/torch_control/__init__.py -> /home/pjh/Teamgrit2026/Mutron/install/torch_control/lib/python3.10/site-packages/torch_control
byte-compiling /home/pjh/Teamgrit2026/Mutron/install/torch_control/lib/python3.10/site-packages/torch_control/torch_node.py to torch_node.cpython-310.pyc
byte-compiling /home/pjh/Teamgrit2026/Mutron/install/torch_control/lib/python3.10/site-packages/torch_control/__init__.py to __init__.cpython-310.pyc
running install_data
copying resource/torch_control -> /home/pjh/Teamgrit2026/Mutron/install/torch_control/share/ament_index/resource_index/packages
copying package.xml -> /home/pjh/Teamgrit2026/Mutron/install/torch_control/share/torch_control
running install_egg_info
Copying ../../build/torch_control/torch_control.egg-info to /home/pjh/Teamgrit2026/Mutron/install/torch_control/lib/python3.10/site-packages/torch_control-0.0.0-py3.10.egg-info
running install_scripts
Installing torch_serial_node script to /home/pjh/Teamgrit2026/Mutron/install/torch_control/lib/torch_control
writing list of installed files to '/home/pjh/Teamgrit2026/Mutron/build/torch_control/install.log'
