[0.295s] Invoking command in '/home/pjh/Teamgrit2026/Mutron/build/torch_control': CONDA_PROMPT_MODIFIER=(base) PYTHONPATH=/home/pjh/Teamgrit2026/Mutron/build/torch_control/prefix_override:/usr/lib/python3/dist-packages/colcon_core/task/python/colcon_distutils_commands:/home/pjh/Teamgrit2026/Mutron/install/torch_control/lib/python3.10/site-packages:${PYTHONPATH} /usr/bin/python3 -W ignore:setup.py install is deprecated -W ignore:easy_install command is deprecated setup.py develop --uninstall --editable --build-directory /home/pjh/Teamgrit2026/Mutron/build/torch_control/build
[0.420s] running develop
[0.486s] Removing /home/pjh/Teamgrit2026/Mutron/install/torch_control/lib/python3.10/site-packages/torch-control.egg-link (link to .)
[0.502s] Invoked command in '/home/pjh/Teamgrit2026/Mutron/build/torch_control' returned '0': CONDA_PROMPT_MODIFIER=(base) PYTHONPATH=/home/pjh/Teamgrit2026/Mutron/build/torch_control/prefix_override:/usr/lib/python3/dist-packages/colcon_core/task/python/colcon_distutils_commands:/home/pjh/Teamgrit2026/Mutron/install/torch_control/lib/python3.10/site-packages:${PYTHONPATH} /usr/bin/python3 -W ignore:setup.py install is deprecated -W ignore:easy_install command is deprecated setup.py develop --uninstall --editable --build-directory /home/pjh/Teamgrit2026/Mutron/build/torch_control/build
[0.503s] Invoking command in '/home/pjh/Teamgrit2026/Mutron/src/torch_control': CONDA_PROMPT_MODIFIER=(base) PYTHONPATH=/home/pjh/Teamgrit2026/Mutron/build/torch_control/prefix_override:/usr/lib/python3/dist-packages/colcon_core/task/python/colcon_distutils_commands:/home/pjh/Teamgrit2026/Mutron/install/torch_control/lib/python3.10/site-packages:${PYTHONPATH} /usr/bin/python3 -W ignore:setup.py install is deprecated -W ignore:easy_install command is deprecated setup.py egg_info --egg-base ../../build/torch_control build --build-base /home/pjh/Teamgrit2026/Mutron/build/torch_control/build install --record /home/pjh/Teamgrit2026/Mutron/build/torch_control/install.log --single-version-externally-managed install_data --force
[0.614s] running egg_info
[0.614s] writing ../../build/torch_control/torch_control.egg-info/PKG-INFO
[0.614s] writing dependency_links to ../../build/torch_control/torch_control.egg-info/dependency_links.txt
[0.614s] writing entry points to ../../build/torch_control/torch_control.egg-info/entry_points.txt
[0.614s] writing requirements to ../../build/torch_control/torch_control.egg-info/requires.txt
[0.614s] writing top-level names to ../../build/torch_control/torch_control.egg-info/top_level.txt
[0.615s] reading manifest file '../../build/torch_control/torch_control.egg-info/SOURCES.txt'
[0.615s] writing manifest file '../../build/torch_control/torch_control.egg-info/SOURCES.txt'
[0.616s] running build
[0.616s] running build_py
[0.616s] creating /home/pjh/Teamgrit2026/Mutron/build/torch_control/build
[0.616s] creating /home/pjh/Teamgrit2026/Mutron/build/torch_control/build/lib
[0.616s] creating /home/pjh/Teamgrit2026/Mutron/build/torch_control/build/lib/torch_control
[0.616s] copying torch_control/torch_node.py -> /home/pjh/Teamgrit2026/Mutron/build/torch_control/build/lib/torch_control
[0.616s] copying torch_control/__init__.py -> /home/pjh/Teamgrit2026/Mutron/build/torch_control/build/lib/torch_control
[0.616s] running install
[0.616s] running install_lib
[0.616s] creating /home/pjh/Teamgrit2026/Mutron/install/torch_control/lib/python3.10/site-packages/torch_control
[0.616s] copying /home/pjh/Teamgrit2026/Mutron/build/torch_control/build/lib/torch_control/torch_node.py -> /home/pjh/Teamgrit2026/Mutron/install/torch_control/lib/python3.10/site-packages/torch_control
[0.616s] copying /home/pjh/Teamgrit2026/Mutron/build/torch_control/build/lib/torch_control/__init__.py -> /home/pjh/Teamgrit2026/Mutron/install/torch_control/lib/python3.10/site-packages/torch_control
[0.616s] byte-compiling /home/pjh/Teamgrit2026/Mutron/install/torch_control/lib/python3.10/site-packages/torch_control/torch_node.py to torch_node.cpython-310.pyc
[0.617s] byte-compiling /home/pjh/Teamgrit2026/Mutron/install/torch_control/lib/python3.10/site-packages/torch_control/__init__.py to __init__.cpython-310.pyc
[0.617s] running install_data
[0.617s] copying resource/torch_control -> /home/pjh/Teamgrit2026/Mutron/install/torch_control/share/ament_index/resource_index/packages
[0.617s] copying package.xml -> /home/pjh/Teamgrit2026/Mutron/install/torch_control/share/torch_control
[0.617s] running install_egg_info
[0.618s] Copying ../../build/torch_control/torch_control.egg-info to /home/pjh/Teamgrit2026/Mutron/install/torch_control/lib/python3.10/site-packages/torch_control-0.0.0-py3.10.egg-info
[0.618s] running install_scripts
[0.629s] Installing torch_serial_node script to /home/pjh/Teamgrit2026/Mutron/install/torch_control/lib/torch_control
[0.629s] writing list of installed files to '/home/pjh/Teamgrit2026/Mutron/build/torch_control/install.log'
[0.645s] Invoked command in '/home/pjh/Teamgrit2026/Mutron/src/torch_control' returned '0': CONDA_PROMPT_MODIFIER=(base) PYTHONPATH=/home/pjh/Teamgrit2026/Mutron/build/torch_control/prefix_override:/usr/lib/python3/dist-packages/colcon_core/task/python/colcon_distutils_commands:/home/pjh/Teamgrit2026/Mutron/install/torch_control/lib/python3.10/site-packages:${PYTHONPATH} /usr/bin/python3 -W ignore:setup.py install is deprecated -W ignore:easy_install command is deprecated setup.py egg_info --egg-base ../../build/torch_control build --build-base /home/pjh/Teamgrit2026/Mutron/build/torch_control/build install --record /home/pjh/Teamgrit2026/Mutron/build/torch_control/install.log --single-version-externally-managed install_data --force
