[0.352s] Invoking command in '/home/pjh/Teamgrit2026/Mutron/build/torch_control': CONDA_PROMPT_MODIFIER=(base) PYTHONPATH=/home/pjh/Teamgrit2026/Mutron/build/torch_control/prefix_override:/usr/lib/python3/dist-packages/colcon_core/task/python/colcon_distutils_commands:/home/pjh/Teamgrit2026/Mutron/install/torch_control/lib/python3.10/site-packages:${PYTHONPATH} /usr/bin/python3 -W ignore:setup.py install is deprecated -W ignore:easy_install command is deprecated setup.py develop --editable --build-directory /home/pjh/Teamgrit2026/Mutron/build/torch_control/build --no-deps symlink_data
[0.474s] running develop
[0.535s] running egg_info
[0.535s] creating torch_control.egg-info
[0.536s] writing torch_control.egg-info/PKG-INFO
[0.536s] writing dependency_links to torch_control.egg-info/dependency_links.txt
[0.536s] writing entry points to torch_control.egg-info/entry_points.txt
[0.536s] writing requirements to torch_control.egg-info/requires.txt
[0.536s] writing top-level names to torch_control.egg-info/top_level.txt
[0.536s] writing manifest file 'torch_control.egg-info/SOURCES.txt'
[0.536s] reading manifest file 'torch_control.egg-info/SOURCES.txt'
[0.537s] writing manifest file 'torch_control.egg-info/SOURCES.txt'
[0.538s] running build_ext
[0.538s] Creating /home/pjh/Teamgrit2026/Mutron/install/torch_control/lib/python3.10/site-packages/torch-control.egg-link (link to .)
[0.538s] 
[0.538s] Installed /home/pjh/Teamgrit2026/Mutron/build/torch_control
[0.538s] running symlink_data
[0.538s] creating /home/pjh/Teamgrit2026/Mutron/install/torch_control/share/ament_index
[0.538s] creating /home/pjh/Teamgrit2026/Mutron/install/torch_control/share/ament_index/resource_index
[0.538s] creating /home/pjh/Teamgrit2026/Mutron/install/torch_control/share/ament_index/resource_index/packages
[0.538s] symbolically linking /home/pjh/Teamgrit2026/Mutron/build/torch_control/resource/torch_control -> /home/pjh/Teamgrit2026/Mutron/install/torch_control/share/ament_index/resource_index/packages
[0.538s] symbolically linking /home/pjh/Teamgrit2026/Mutron/build/torch_control/package.xml -> /home/pjh/Teamgrit2026/Mutron/install/torch_control/share/torch_control
[0.556s] Invoked command in '/home/pjh/Teamgrit2026/Mutron/build/torch_control' returned '0': CONDA_PROMPT_MODIFIER=(base) PYTHONPATH=/home/pjh/Teamgrit2026/Mutron/build/torch_control/prefix_override:/usr/lib/python3/dist-packages/colcon_core/task/python/colcon_distutils_commands:/home/pjh/Teamgrit2026/Mutron/install/torch_control/lib/python3.10/site-packages:${PYTHONPATH} /usr/bin/python3 -W ignore:setup.py install is deprecated -W ignore:easy_install command is deprecated setup.py develop --editable --build-directory /home/pjh/Teamgrit2026/Mutron/build/torch_control/build --no-deps symlink_data
