running egg_info
writing ../../build/torch_control/torch_control.egg-info/PKG-INFO
writing dependency_links to ../../build/torch_control/torch_control.egg-info/dependency_links.txt
writing entry points to ../../build/torch_control/torch_control.egg-info/entry_points.txt
writing requirements to ../../build/torch_control/torch_control.egg-info/requires.txt
writing top-level names to ../../build/torch_control/torch_control.egg-info/top_level.txt
reading manifest file '../../build/torch_control/torch_control.egg-info/SOURCES.txt'
writing manifest file '../../build/torch_control/torch_control.egg-info/SOURCES.txt'
running build
running build_py
copying torch_control/torch_node.py -> /home/pjh/Teamgrit2026/Mutron/build/torch_control/build/lib/torch_control
running install
running install_lib
copying /home/pjh/Teamgrit2026/Mutron/build/torch_control/build/lib/torch_control/torch_node.py -> /home/pjh/Teamgrit2026/Mutron/install/torch_control/lib/python3.10/site-packages/torch_control
byte-compiling /home/pjh/Teamgrit2026/Mutron/install/torch_control/lib/python3.10/site-packages/torch_control/torch_node.py to torch_node.cpython-310.pyc
running install_data
running install_egg_info
removing '/home/pjh/Teamgrit2026/Mutron/install/torch_control/lib/python3.10/site-packages/torch_control-0.0.0-py3.10.egg-info' (and everything under it)
Copying ../../build/torch_control/torch_control.egg-info to /home/pjh/Teamgrit2026/Mutron/install/torch_control/lib/python3.10/site-packages/torch_control-0.0.0-py3.10.egg-info
running install_scripts
Installing torch_serial_node script to /home/pjh/Teamgrit2026/Mutron/install/torch_control/lib/torch_control
writing list of installed files to '/home/pjh/Teamgrit2026/Mutron/build/torch_control/install.log'
