[0.299s] Invoking command in '/home/pjh/Teamgrit2026/Mutron/src/torch_control': CONDA_PROMPT_MODIFIER=(base) PYTHONPATH=/home/pjh/Teamgrit2026/Mutron/build/torch_control/prefix_override:/usr/lib/python3/dist-packages/colcon_core/task/python/colcon_distutils_commands:/home/pjh/Teamgrit2026/Mutron/install/torch_control/lib/python3.10/site-packages:${PYTHONPATH} /usr/bin/python3 -W ignore:setup.py install is deprecated -W ignore:easy_install command is deprecated setup.py egg_info --egg-base ../../build/torch_control build --build-base /home/pjh/Teamgrit2026/Mutron/build/torch_control/build install --record /home/pjh/Teamgrit2026/Mutron/build/torch_control/install.log --single-version-externally-managed install_data
[0.413s] running egg_info
[0.413s] writing ../../build/torch_control/torch_control.egg-info/PKG-INFO
[0.413s] writing dependency_links to ../../build/torch_control/torch_control.egg-info/dependency_links.txt
[0.413s] writing entry points to ../../build/torch_control/torch_control.egg-info/entry_points.txt
[0.413s] writing requirements to ../../build/torch_control/torch_control.egg-info/requires.txt
[0.413s] writing top-level names to ../../build/torch_control/torch_control.egg-info/top_level.txt
[0.414s] reading manifest file '../../build/torch_control/torch_control.egg-info/SOURCES.txt'
[0.414s] writing manifest file '../../build/torch_control/torch_control.egg-info/SOURCES.txt'
[0.415s] running build
[0.415s] running build_py
[0.415s] copying torch_control/torch_node.py -> /home/pjh/Teamgrit2026/Mutron/build/torch_control/build/lib/torch_control
[0.415s] running install
[0.415s] running install_lib
[0.415s] copying /home/pjh/Teamgrit2026/Mutron/build/torch_control/build/lib/torch_control/torch_node.py -> /home/pjh/Teamgrit2026/Mutron/install/torch_control/lib/python3.10/site-packages/torch_control
[0.415s] byte-compiling /home/pjh/Teamgrit2026/Mutron/install/torch_control/lib/python3.10/site-packages/torch_control/torch_node.py to torch_node.cpython-310.pyc
[0.416s] running install_data
[0.416s] running install_egg_info
[0.417s] removing '/home/pjh/Teamgrit2026/Mutron/install/torch_control/lib/python3.10/site-packages/torch_control-0.0.0-py3.10.egg-info' (and everything under it)
[0.417s] Copying ../../build/torch_control/torch_control.egg-info to /home/pjh/Teamgrit2026/Mutron/install/torch_control/lib/python3.10/site-packages/torch_control-0.0.0-py3.10.egg-info
[0.417s] running install_scripts
[0.429s] Installing torch_serial_node script to /home/pjh/Teamgrit2026/Mutron/install/torch_control/lib/torch_control
[0.429s] writing list of installed files to '/home/pjh/Teamgrit2026/Mutron/build/torch_control/install.log'
[0.446s] Invoked command in '/home/pjh/Teamgrit2026/Mutron/src/torch_control' returned '0': CONDA_PROMPT_MODIFIER=(base) PYTHONPATH=/home/pjh/Teamgrit2026/Mutron/build/torch_control/prefix_override:/usr/lib/python3/dist-packages/colcon_core/task/python/colcon_distutils_commands:/home/pjh/Teamgrit2026/Mutron/install/torch_control/lib/python3.10/site-packages:${PYTHONPATH} /usr/bin/python3 -W ignore:setup.py install is deprecated -W ignore:easy_install command is deprecated setup.py egg_info --egg-base ../../build/torch_control build --build-base /home/pjh/Teamgrit2026/Mutron/build/torch_control/build install --record /home/pjh/Teamgrit2026/Mutron/build/torch_control/install.log --single-version-externally-managed install_data
