[0.000000] (-) TimerEvent: {}
[0.000197] (torch_control) JobQueued: {'identifier': 'torch_control', 'dependencies': OrderedDict()}
[0.000216] (torch_control) JobStarted: {'identifier': 'torch_control'}
[0.099460] (-) TimerEvent: {}
[0.199690] (-) TimerEvent: {}
[0.296698] (torch_control) Command: {'cmd': ['/usr/bin/python3', '-W', 'ignore:setup.py install is deprecated', '-W', 'ignore:easy_install command is deprecated', 'setup.py', 'egg_info', '--egg-base', '../../build/torch_control', 'build', '--build-base', '/home/pjh/Teamgrit2026/Mutron/build/torch_control/build', 'install', '--record', '/home/pjh/Teamgrit2026/Mutron/build/torch_control/install.log', '--single-version-externally-managed', 'install_data'], 'cwd': '/home/pjh/Teamgrit2026/Mutron/src/torch_control', 'env': {'CONDA_PROMPT_MODIFIER': '(base)', 'USER': 'pjh', 'XDG_SESSION_TYPE': 'x11', 'STM32CubeMX_PATH': '/home/pjh/STM32CubeMX', 'SHLVL': '1', 'LD_LIBRARY_PATH': '/usr/lib/x86_64-linux-gnu/gazebo-11/plugins:/opt/ros/humble/opt/rviz_ogre_vendor/lib:/opt/ros/humble/lib/x86_64-linux-gnu:/opt/ros/humble/lib', 'HOME': '/home/pjh', 'CONDA_SHLVL': '1', 'OLDPWD': '/home/pjh/Teamgrit2026/Mutron/src', 'DESKTOP_SESSION': 'ubuntu-xorg', 'ROS_PYTHON_VERSION': '3', 'GNOME_SHELL_SESSION_MODE': 'ubuntu', 'GTK_MODULES': 'gail:atk-bridge', 'SYSTEMD_EXEC_PID': '1257', 'DBUS_SESSION_BUS_ADDRESS': 'unix:path=/run/user/1000/bus', 'COLORTERM': 'truecolor', '_CE_M': '', '_CONDA_ROOT': '/home/pjh/miniconda3', 'COLCON_PREFIX_PATH': '/home/pjh/Teamgrit2026/Mutron/install', 'ROS_DISTRO': 'humble', 'GTK_IM_MODULE': 'ibus', 'LOGNAME': 'pjh', '_': '/usr/bin/colcon', 'ROS_VERSION': '2', 'XDG_SESSION_CLASS': 'user', 'USERNAME': 'pjh', 'TERM': 'xterm-256color', 'GNOME_DESKTOP_SESSION_ID': 'this-is-deprecated', '_CE_CONDA': '', 'ROS_LOCALHOST_ONLY': '0', 'WINDOWPATH': '2', 'PATH': '/home/pjh/miniconda3/bin:/home/pjh/miniconda3/condabin:/opt/ros/humble/bin:/usr/local/sbin:/usr/local/bin:/usr/sbin:/usr/bin:/sbin:/bin:/usr/games:/usr/local/games:/snap/bin:/snap/bin', 'SESSION_MANAGER': 'local/pjh-com:@/tmp/.ICE-unix/1219,unix/pjh-com:/tmp/.ICE-unix/1219', 'XDG_MENU_PREFIX': 'gnome-', 'GNOME_TERMINAL_SCREEN': '/org/gnome/Terminal/screen/b7ea1f69_4708_452e_9397_6ccb0d7f1f76', 'XDG_RUNTIME_DIR': '/run/user/1000', 'DISPLAY': ':0', 'LANG': 'en_US.UTF-8', 'XDG_CURRENT_DESKTOP': 'ubuntu:GNOME', 'XMODIFIERS': '@im=ibus', 'XDG_SESSION_DESKTOP': 'ubuntu-xorg', 'XAUTHORITY': '/run/user/1000/gdm/Xauthority', 'GNOME_TERMINAL_SERVICE': ':1.92', 'SSH_AGENT_LAUNCHER': 'gnome-keyring', 'SSH_AUTH_SOCK': '/run/user/1000/keyring/ssh', 'AMENT_PREFIX_PATH': '/home/pjh/Teamgrit2026/Mutron/install/torch_control:/opt/ros/humble', 'CONDA_PYTHON_EXE': '/home/pjh/miniconda3/bin/python', 'SHELL': '/bin/bash', 'QT_ACCESSIBILITY': '1', 'GDMSESSION': 'ubuntu-xorg', 'CONDA_DEFAULT_ENV': 'base', 'GPG_AGENT_INFO': '/run/user/1000/gnupg/S.gpg-agent:0:1', '_CONDA_EXE': '/home/pjh/miniconda3/bin/conda', 'QT_IM_MODULE': 'ibus', 'PWD': '/home/pjh/Teamgrit2026/Mutron/build/torch_control', 'TURTLEBOT3_MODEL': 'burger', 'LC_ALL': 'en_US.UTF-8', 'XDG_CONFIG_DIRS': '/etc/xdg/xdg-ubuntu-xorg:/etc/xdg', 'CONDA_EXE': '/home/pjh/miniconda3/bin/conda', 'XDG_DATA_DIRS': '/usr/share/ubuntu-xorg:/usr/share/gnome:/usr/local/share/:/usr/share/:/var/lib/snapd/desktop', 'PYTHONPATH': '/home/pjh/Teamgrit2026/Mutron/build/torch_control/prefix_override:/usr/lib/python3/dist-packages/colcon_core/task/python/colcon_distutils_commands:/home/pjh/Teamgrit2026/Mutron/install/torch_control/lib/python3.10/site-packages:/home/pjh/Teamgrit2026/Mutron/build/torch_control:/home/pjh/Teamgrit2026/Mutron/install/torch_control/lib/python3.10/site-packages:/opt/ros/humble/lib/python3.10/site-packages:/opt/ros/humble/local/lib/python3.10/dist-packages', 'CONDA_PREFIX': '/home/pjh/miniconda3', 'COLCON': '1', 'VTE_VERSION': '6800'}, 'shell': False}
[0.299748] (-) TimerEvent: {}
[0.399937] (-) TimerEvent: {}
[0.412693] (torch_control) StdoutLine: {'line': b'running egg_info\n'}
[0.413045] (torch_control) StdoutLine: {'line': b'writing ../../build/torch_control/torch_control.egg-info/PKG-INFO\n'}
[0.413195] (torch_control) StdoutLine: {'line': b'writing dependency_links to ../../build/torch_control/torch_control.egg-info/dependency_links.txt\n'}
[0.413266] (torch_control) StdoutLine: {'line': b'writing entry points to ../../build/torch_control/torch_control.egg-info/entry_points.txt\n'}
[0.413343] (torch_control) StdoutLine: {'line': b'writing requirements to ../../build/torch_control/torch_control.egg-info/requires.txt\n'}
[0.413399] (torch_control) StdoutLine: {'line': b'writing top-level names to ../../build/torch_control/torch_control.egg-info/top_level.txt\n'}
[0.414187] (torch_control) StdoutLine: {'line': b"reading manifest file '../../build/torch_control/torch_control.egg-info/SOURCES.txt'\n"}
[0.414606] (torch_control) StdoutLine: {'line': b"writing manifest file '../../build/torch_control/torch_control.egg-info/SOURCES.txt'\n"}
[0.414740] (torch_control) StdoutLine: {'line': b'running build\n'}
[0.414800] (torch_control) StdoutLine: {'line': b'running build_py\n'}
[0.414852] (torch_control) StdoutLine: {'line': b'copying torch_control/torch_node.py -> /home/pjh/Teamgrit2026/Mutron/build/torch_control/build/lib/torch_control\n'}
[0.414939] (torch_control) StdoutLine: {'line': b'running install\n'}
[0.415014] (torch_control) StdoutLine: {'line': b'running install_lib\n'}
[0.415326] (torch_control) StdoutLine: {'line': b'copying /home/pjh/Teamgrit2026/Mutron/build/torch_control/build/lib/torch_control/torch_node.py -> /home/pjh/Teamgrit2026/Mutron/install/torch_control/lib/python3.10/site-packages/torch_control\n'}
[0.415604] (torch_control) StdoutLine: {'line': b'byte-compiling /home/pjh/Teamgrit2026/Mutron/install/torch_control/lib/python3.10/site-packages/torch_control/torch_node.py to torch_node.cpython-310.pyc\n'}
[0.415965] (torch_control) StdoutLine: {'line': b'running install_data\n'}
[0.416030] (torch_control) StdoutLine: {'line': b'running install_egg_info\n'}
[0.416925] (torch_control) StdoutLine: {'line': b"removing '/home/pjh/Teamgrit2026/Mutron/install/torch_control/lib/python3.10/site-packages/torch_control-0.0.0-py3.10.egg-info' (and everything under it)\n"}
[0.417077] (torch_control) StdoutLine: {'line': b'Copying ../../build/torch_control/torch_control.egg-info to /home/pjh/Teamgrit2026/Mutron/install/torch_control/lib/python3.10/site-packages/torch_control-0.0.0-py3.10.egg-info\n'}
[0.417369] (torch_control) StdoutLine: {'line': b'running install_scripts\n'}
[0.429220] (torch_control) StdoutLine: {'line': b'Installing torch_serial_node script to /home/pjh/Teamgrit2026/Mutron/install/torch_control/lib/torch_control\n'}
[0.429535] (torch_control) StdoutLine: {'line': b"writing list of installed files to '/home/pjh/Teamgrit2026/Mutron/build/torch_control/install.log'\n"}
[0.445741] (torch_control) CommandEnded: {'returncode': 0}
[0.451057] (torch_control) JobEnded: {'identifier': 'torch_control', 'rc': 0}
[0.451616] (-) EventReactorShutdown: {}
